2024-11-27 16:05:06,986 - WARNING - file pima_indians_diabetes.csv does not exist.
2024-11-27 16:05:15,970 - WARNING - file  does not exist.
2024-11-27 16:05:17,272 - WARNING - file  does not exist.
2024-11-27 16:05:17,644 - WARNING - file  does not exist.
2024-11-27 16:05:17,907 - WARNING - file  does not exist.
2024-11-27 16:05:18,049 - WARNING - file  does not exist.
2024-11-27 16:05:18,169 - WARNING - file  does not exist.
2024-11-27 16:05:18,297 - WARNING - file  does not exist.
2024-11-27 16:05:18,448 - WARNING - file  does not exist.
2024-11-27 16:05:18,552 - WARNING - file  does not exist.
2024-11-27 16:05:18,685 - WARNING - file  does not exist.
2024-11-27 16:05:18,808 - WARNING - file  does not exist.
2024-11-27 16:05:18,951 - WARNING - file  does not exist.
2024-11-27 16:05:19,070 - WARNING - file  does not exist.
2024-11-27 16:05:19,163 - WARNING - file  does not exist.
2024-11-27 16:05:36,297 - INFO - User chose to exit the program.
2024-11-27 16:05:36,299 - WARNING - file q does not exist.
2024-11-27 16:05:43,299 - INFO - User chose to exit the program.
2024-11-27 16:05:43,300 - WARNING - file q does not exist.
2024-11-27 16:05:56,161 - INFO - User chose to exit the program.
2024-11-27 16:05:56,164 - WARNING - file q does not exist.
2024-11-27 16:54:03,701 - INFO - file .\data\pima_indians_diabetes.csv found successfully.
2024-11-27 16:54:03,703 - INFO - Attempting to load file '.\data\pima_indians_diabetes.csv'.
2024-11-27 16:54:03,705 - ERROR - Error: The file could not be parsed. Ensure it is a valid CSV file.
2024-11-27 16:58:01,241 - INFO - file .\data\pima_indians_diabetes.csv found successfully.
2024-11-27 16:58:01,246 - INFO - Attempting to load file '.\data\pima_indians_diabetes.csv'.
2024-11-27 16:58:01,250 - ERROR - Error: The file could not be parsed. Ensure it is a valid CSV file.
2024-11-27 17:02:16,208 - INFO - file .\data\pima_indians_diabetes.csv found successfully.
2024-11-27 17:02:16,210 - INFO - Attempting to load file '.\data\pima_indians_diabetes.csv'.
2024-11-27 17:02:16,237 - INFO - File loaded successfully.
2024-11-27 17:02:16,242 - INFO - First 5 rows of the dataset:
   Pregnancies  Glucose  BloodPressure  SkinThickness  Insulin   BMI  \
0            6      148             72             35        0  33.6   
1            1       85             66             29        0  26.6   
2            8      183             64              0        0  23.3   
3            1       89             66             23       94  28.1   
4            0      137             40             35      168  43.1   

   DiabetesPedigreeFunction  Age  Outcome  
0                     0.627   50        1  
1                     0.351   31        0  
2                     0.672   32        1  
3                     0.167   21        0  
4                     2.288   33        1  
